<testsuites>
  <testsuite name="step graph" tests="8" skipped="0" failures="0" time="whatever">
    <properties></properties>
    <testcase name="All images are built and tagged into stable" time="whatever"></testcase>
    <testcase name="Clone the correct source code into an image and tag it as src" time="whatever"></testcase>
    <testcase name="Create the release image &#34;latest&#34; containing all images built by this job" time="whatever"></testcase>
    <testcase name="Find all of the input images from ocp/4.10:${component} and tag them into the output image stream" time="whatever"></testcase>
    <testcase name="Find the input image root and tag it into the pipeline" time="whatever"></testcase>
  </testsuite>
</testsuites>